<?xml version="1.0" encoding="UTF-8"?>
<!-- Generated by org.testng.reporters.JUnitReportReporter -->
<testsuite name="br.com.rsinet.hub_tdd.testes.BuscaPelaPaginaInicialFalha" tests="1" time="18.890" ignored="0" failures="0" timestamp="24 Jan 2020 18:45:20 GMT" skipped="0" hostname="RSI1533" errors="0">
  <testcase name="QuantidadeMaximaPermitida" time="18.890" classname="br.com.rsinet.hub_tdd.testes.BuscaPelaPaginaInicialFalha"/>
</testsuite> <!-- br.com.rsinet.hub_tdd.testes.BuscaPelaPaginaInicialFalha -->
