<?xml version="1.0" encoding="UTF-8"?>
<!-- Generated by org.testng.reporters.JUnitReportReporter -->
<testsuite name="br.com.rsinet.hub_tdd.testes.BuscaPelaPaginaInicial" tests="1" time="18.131" ignored="0" failures="0" timestamp="24 Jan 2020 18:20:37 GMT" skipped="0" hostname="RSI1533" errors="0">
  <testcase name="pesquisaPaginaInicial" time="18.131" classname="br.com.rsinet.hub_tdd.testes.BuscaPelaPaginaInicial"/>
</testsuite> <!-- br.com.rsinet.hub_tdd.testes.BuscaPelaPaginaInicial -->
