<?xml version="1.0" encoding="UTF-8"?>
<!-- Generated by org.testng.reporters.JUnitReportReporter -->
<testsuite name="br.com.rsinet.hub_tdd.testes.CadastroUsuarioFalhas" tests="1" time="20.697" ignored="0" failures="0" timestamp="24 Jan 2020 19:34:00 GMT" skipped="0" hostname="RSI1533" errors="0">
  <testcase name="TesteFalhoCadastro" time="20.697" classname="br.com.rsinet.hub_tdd.testes.CadastroUsuarioFalhas"/>
</testsuite> <!-- br.com.rsinet.hub_tdd.testes.CadastroUsuarioFalhas -->
